<!DOCTYPE html PUBLIC "-//W3C//DTD XHTML 1.1//EN" "http://www.w3.org/TR/xhtml11/DTD/xhtml11.dtd">
<html xmlns="http://www.w3.org/1999/xhtml"><head><title>TestNG Report</title><style type="text/css">table {margin-bottom:10px;border-collapse:collapse;empty-cells:show}th,td {border:1px solid #009;padding:.25em .5em}th {vertical-align:bottom}td {vertical-align:top}table a {font-weight:bold}.stripe td {background-color: #E6EBF9}.num {text-align:right}.passedodd td {background-color: #3F3}.passedeven td {background-color: #0A0}.skippedodd td {background-color: #DDD}.skippedeven td {background-color: #CCC}.failedodd td,.attn {background-color: #F33}.failedeven td,.stripe .attn {background-color: #D00}.stacktrace {white-space:pre;font-family:monospace}.totop {font-size:85%;text-align:center;border-bottom:2px solid #000}</style></head><body><table><tr><th>Test</th><th># Passed</th><th># Skipped</th><th># Failed</th><th>Time (ms)</th><th>Included Groups</th><th>Excluded Groups</th></tr><tr><th colspan="7">Default suite</th></tr><tr><td><a href="#t0">Default test</a></td><td class="num">0</td><td class="num attn">1</td><td class="num">0</td><td class="num">45,728</td><td></td><td></td></tr></table><table><thead><tr><th>Class</th><th>Method</th><th>Start</th><th>Time (ms)</th></tr></thead><tbody><tr><th colspan="4">Default suite</th></tr></tbody><tbody id="t0"><tr><th colspan="4">Default test &#8212; failed (configuration methods)</th></tr><tr class="failedeven"><td rowspan="1">login.EmailTest</td><td><a href="#m0">beforeMethod</a></td><td rowspan="1">1479420720727</td><td rowspan="1">0</td></tr><tr><th colspan="4">Default test &#8212; skipped (configuration methods)</th></tr><tr class="skippedeven"><td rowspan="1">login.EmailTest</td><td><a href="#m1">afterMethod</a></td><td rowspan="1">1479420766438</td><td rowspan="1">0</td></tr><tr><th colspan="4">Default test &#8212; skipped</th></tr><tr class="skippedeven"><td rowspan="1">login.EmailTest</td><td><a href="#m2">main</a></td><td rowspan="1">1479420766432</td><td rowspan="1">2</td></tr></tbody></table><h2>Default test</h2><h3 id="m0">login.EmailTest#beforeMethod</h3><table class="result"><tr><th>Exception</th></tr><tr><td><div class="stacktrace">org.openqa.selenium.WebDriverException: Failed to connect to binary FirefoxBinary(/Applications/Firefox.app/Contents/MacOS/firefox-bin) on port 7055; process output follows: 
cal&quot;,&quot;version&quot;:&quot;15&quot;,&quot;type&quot;:&quot;extension&quot;,&quot;internalName&quot;:null,&quot;updateURL&quot;:null,&quot;updateKey&quot;:null,&quot;optionsURL&quot;:null,&quot;optionsType&quot;:null,&quot;aboutURL&quot;:null,&quot;icons&quot;:{},&quot;iconURL&quot;:&quot;chrome://web2pdfextension/skin/C_AdobeLogo_48x48.png&quot;,&quot;icon64URL&quot;:&quot;chrome://web2pdfextension/skin/C_AdobeLogo_64x64.png&quot;,&quot;defaultLocale&quot;:{&quot;name&quot;:&quot;Adobe Acrobat DC - Create PDF&quot;,&quot;description&quot;:&quot;Converts a web page to PDF&quot;,&quot;creator&quot;:&quot;Adobe Systems Incorporated&quot;,&quot;homepageURL&quot;:&quot;http://www.adobe.com/&quot;},&quot;visible&quot;:true,&quot;active&quot;:false,&quot;userDisabled&quot;:true,&quot;appDisabled&quot;:true,&quot;descriptor&quot;:&quot;/Library/Application Support/Mozilla/Extensions/{ec8030f7-c20a-464f-9b0e-13a3a9e97384}/web2pdfextension@web2pdf.adobedotcom&quot;,&quot;installDate&quot;:1426587824000,&quot;updateDate&quot;:1426587824000,&quot;applyBackgroundUpdates&quot;:1,&quot;bootstrap&quot;:false,&quot;skinnable&quot;:false,&quot;size&quot;:154362,&quot;sourceURI&quot;:null,&quot;releaseNotesURI&quot;:null,&quot;softDisabled&quot;:false,&quot;foreignInstall&quot;:true,&quot;hasBinaryComponents&quot;:false,&quot;strictCompatibility&quot;:false,&quot;locales&quot;:[],&quot;targetApplications&quot;:[{&quot;id&quot;:&quot;{ec8030f7-c20a-464f-9b0e-13a3a9e97384}&quot;,&quot;minVersion&quot;:&quot;4.0&quot;,&quot;maxVersion&quot;:&quot;*.*&quot;}],&quot;targetPlatforms&quot;:[],&quot;multiprocessCompatible&quot;:false,&quot;signedState&quot;:0,&quot;seen&quot;:true}
1479420721741	DeferredSave.extensions.json	DEBUG	Save changes
1479420721742	addons.xpi	DEBUG	Updating database with changes to installed add-ons
1479420721742	addons.xpi-utils	DEBUG	Updating add-on states
1479420721742	addons.xpi-utils	DEBUG	Writing add-ons list
1479420721743	addons.xpi	DEBUG	Registering manifest for /Applications/Firefox.app/Contents/Resources/browser/features/e10srollout@mozilla.org.xpi
1479420721743	addons.xpi	DEBUG	Calling bootstrap method startup on e10srollout@mozilla.org version 1.1
1479420721743	addons.xpi	DEBUG	Registering manifest for /Applications/Firefox.app/Contents/Resources/browser/features/firefox@getpocket.com.xpi
1479420721744	addons.xpi	DEBUG	Calling bootstrap method startup on firefox@getpocket.com version 1.0.4
1479420721744	addons.xpi	DEBUG	Registering manifest for /Applications/Firefox.app/Contents/Resources/browser/features/loop@mozilla.org.xpi
1479420721745	addons.xpi	DEBUG	Calling bootstrap method startup on loop@mozilla.org version 1.4.4
1479420721768	addons.manager	DEBUG	Registering shutdown blocker for XPIProvider
1479420721768	addons.manager	DEBUG	Provider finished startup: XPIProvider
1479420721768	addons.manager	DEBUG	Starting provider: LightweightThemeManager
1479420721768	addons.manager	DEBUG	Registering shutdown blocker for LightweightThemeManager
1479420721769	addons.manager	DEBUG	Provider finished startup: LightweightThemeManager
1479420721769	addons.manager	DEBUG	Starting provider: GMPProvider
1479420721775	addons.manager	DEBUG	Registering shutdown blocker for GMPProvider
1479420721776	addons.manager	DEBUG	Provider finished startup: GMPProvider
1479420721776	addons.manager	DEBUG	Starting provider: PluginProvider
1479420721776	addons.manager	DEBUG	Registering shutdown blocker for PluginProvider
1479420721776	addons.manager	DEBUG	Provider finished startup: PluginProvider
1479420721776	addons.manager	DEBUG	Completed startup sequence
1479420722071	addons.manager	DEBUG	Starting provider: &lt;unnamed-provider&gt;
1479420722071	addons.manager	DEBUG	Registering shutdown blocker for &lt;unnamed-provider&gt;
1479420722071	addons.manager	DEBUG	Provider finished startup: &lt;unnamed-provider&gt;
1479420722072	DeferredSave.extensions.json	DEBUG	Starting write
1479420722158	addons.repository	DEBUG	No addons.json found.
1479420722158	DeferredSave.addons.json	DEBUG	Save changes
1479420722161	DeferredSave.addons.json	DEBUG	Starting timer
1479420722206	addons.manager	DEBUG	Starting provider: PreviousExperimentProvider
1479420722207	addons.manager	DEBUG	Registering shutdown blocker for PreviousExperimentProvider
1479420722207	addons.manager	DEBUG	Provider finished startup: PreviousExperimentProvider
1479420722219	DeferredSave.extensions.json	DEBUG	Write succeeded
1479420722219	addons.xpi-utils	DEBUG	XPI Database saved, setting schema version preference to 17
1479420722221	DeferredSave.addons.json	DEBUG	Starting write
1479420722240	DeferredSave.addons.json	DEBUG	Write succeeded

Build info: version: &apos;2.53.0&apos;, revision: &apos;35ae25b&apos;, time: &apos;2016-03-15 16:57:40&apos;
System info: host: &apos;LM-AST-00875378&apos;, ip: &apos;10.237.105.35&apos;, os.name: &apos;Mac OS X&apos;, os.arch: &apos;x86_64&apos;, os.version: &apos;10.12&apos;, java.version: &apos;1.7.0_45&apos;
Driver info: driver.version: FirefoxDriver
	at org.openqa.selenium.firefox.internal.NewProfileExtensionConnection.start(NewProfileExtensionConnection.java:124)
	at org.openqa.selenium.firefox.FirefoxDriver.startClient(FirefoxDriver.java:271)
	at org.openqa.selenium.remote.RemoteWebDriver.&lt;init&gt;(RemoteWebDriver.java:119)
	at org.openqa.selenium.firefox.FirefoxDriver.&lt;init&gt;(FirefoxDriver.java:218)
	at org.openqa.selenium.firefox.FirefoxDriver.&lt;init&gt;(FirefoxDriver.java:211)
	at org.openqa.selenium.firefox.FirefoxDriver.&lt;init&gt;(FirefoxDriver.java:207)
	at org.openqa.selenium.firefox.FirefoxDriver.&lt;init&gt;(FirefoxDriver.java:120)
	at login.EmailTest.beforeMethod(EmailTest.java:61)
	at sun.reflect.NativeMethodAccessorImpl.invoke0(Native Method)
	at sun.reflect.NativeMethodAccessorImpl.invoke(NativeMethodAccessorImpl.java:57)
	at sun.reflect.DelegatingMethodAccessorImpl.invoke(DelegatingMethodAccessorImpl.java:43)
	at java.lang.reflect.Method.invoke(Method.java:606)
	at org.testng.internal.MethodInvocationHelper.invokeMethod(MethodInvocationHelper.java:85)
	at org.testng.internal.Invoker.invokeConfigurationMethod(Invoker.java:510)
	at org.testng.internal.Invoker.invokeConfigurations(Invoker.java:211)
	at org.testng.internal.Invoker.invokeMethod(Invoker.java:585)
	at org.testng.internal.Invoker.invokeTestMethod(Invoker.java:816)
	at org.testng.internal.Invoker.invokeTestMethods(Invoker.java:1124)
	at org.testng.internal.TestMethodWorker.invokeTestMethods(TestMethodWorker.java:125)
	at org.testng.internal.TestMethodWorker.run(TestMethodWorker.java:108)
	at org.testng.TestRunner.privateRun(TestRunner.java:774)
	at org.testng.TestRunner.run(TestRunner.java:624)
	at org.testng.SuiteRunner.runTest(SuiteRunner.java:359)
	at org.testng.SuiteRunner.runSequentially(SuiteRunner.java:354)
	at org.testng.SuiteRunner.privateRun(SuiteRunner.java:312)
	at org.testng.SuiteRunner.run(SuiteRunner.java:261)
	at org.testng.SuiteRunnerWorker.runSuite(SuiteRunnerWorker.java:52)
	at org.testng.SuiteRunnerWorker.run(SuiteRunnerWorker.java:86)
	at org.testng.TestNG.runSuitesSequentially(TestNG.java:1215)
	at org.testng.TestNG.runSuitesLocally(TestNG.java:1140)
	at org.testng.TestNG.run(TestNG.java:1048)
	at org.testng.remote.AbstractRemoteTestNG.run(AbstractRemoteTestNG.java:126)
	at org.testng.remote.RemoteTestNG.initAndRun(RemoteTestNG.java:152)
	at org.testng.remote.RemoteTestNG.main(RemoteTestNG.java:57)
Caused by: org.openqa.selenium.firefox.NotConnectedException: Unable to connect to host 127.0.0.1 on port 7055 after 45000 ms. Firefox console output:
cal&quot;,&quot;version&quot;:&quot;15&quot;,&quot;type&quot;:&quot;extension&quot;,&quot;internalName&quot;:null,&quot;updateURL&quot;:null,&quot;updateKey&quot;:null,&quot;optionsURL&quot;:null,&quot;optionsType&quot;:null,&quot;aboutURL&quot;:null,&quot;icons&quot;:{},&quot;iconURL&quot;:&quot;chrome://web2pdfextension/skin/C_AdobeLogo_48x48.png&quot;,&quot;icon64URL&quot;:&quot;chrome://web2pdfextension/skin/C_AdobeLogo_64x64.png&quot;,&quot;defaultLocale&quot;:{&quot;name&quot;:&quot;Adobe Acrobat DC - Create PDF&quot;,&quot;description&quot;:&quot;Converts a web page to PDF&quot;,&quot;creator&quot;:&quot;Adobe Systems Incorporated&quot;,&quot;homepageURL&quot;:&quot;http://www.adobe.com/&quot;},&quot;visible&quot;:true,&quot;active&quot;:false,&quot;userDisabled&quot;:true,&quot;appDisabled&quot;:true,&quot;descriptor&quot;:&quot;/Library/Application Support/Mozilla/Extensions/{ec8030f7-c20a-464f-9b0e-13a3a9e97384}/web2pdfextension@web2pdf.adobedotcom&quot;,&quot;installDate&quot;:1426587824000,&quot;updateDate&quot;:1426587824000,&quot;applyBackgroundUpdates&quot;:1,&quot;bootstrap&quot;:false,&quot;skinnable&quot;:false,&quot;size&quot;:154362,&quot;sourceURI&quot;:null,&quot;releaseNotesURI&quot;:null,&quot;softDisabled&quot;:false,&quot;foreignInstall&quot;:true,&quot;hasBinaryComponents&quot;:false,&quot;strictCompatibility&quot;:false,&quot;locales&quot;:[],&quot;targetApplications&quot;:[{&quot;id&quot;:&quot;{ec8030f7-c20a-464f-9b0e-13a3a9e97384}&quot;,&quot;minVersion&quot;:&quot;4.0&quot;,&quot;maxVersion&quot;:&quot;*.*&quot;}],&quot;targetPlatforms&quot;:[],&quot;multiprocessCompatible&quot;:false,&quot;signedState&quot;:0,&quot;seen&quot;:true}
1479420721741	DeferredSave.extensions.json	DEBUG	Save changes
1479420721742	addons.xpi	DEBUG	Updating database with changes to installed add-ons
1479420721742	addons.xpi-utils	DEBUG	Updating add-on states
1479420721742	addons.xpi-utils	DEBUG	Writing add-ons list
1479420721743	addons.xpi	DEBUG	Registering manifest for /Applications/Firefox.app/Contents/Resources/browser/features/e10srollout@mozilla.org.xpi
1479420721743	addons.xpi	DEBUG	Calling bootstrap method startup on e10srollout@mozilla.org version 1.1
1479420721743	addons.xpi	DEBUG	Registering manifest for /Applications/Firefox.app/Contents/Resources/browser/features/firefox@getpocket.com.xpi
1479420721744	addons.xpi	DEBUG	Calling bootstrap method startup on firefox@getpocket.com version 1.0.4
1479420721744	addons.xpi	DEBUG	Registering manifest for /Applications/Firefox.app/Contents/Resources/browser/features/loop@mozilla.org.xpi
1479420721745	addons.xpi	DEBUG	Calling bootstrap method startup on loop@mozilla.org version 1.4.4
1479420721768	addons.manager	DEBUG	Registering shutdown blocker for XPIProvider
1479420721768	addons.manager	DEBUG	Provider finished startup: XPIProvider
1479420721768	addons.manager	DEBUG	Starting provider: LightweightThemeManager
1479420721768	addons.manager	DEBUG	Registering shutdown blocker for LightweightThemeManager
1479420721769	addons.manager	DEBUG	Provider finished startup: LightweightThemeManager
1479420721769	addons.manager	DEBUG	Starting provider: GMPProvider
1479420721775	addons.manager	DEBUG	Registering shutdown blocker for GMPProvider
1479420721776	addons.manager	DEBUG	Provider finished startup: GMPProvider
1479420721776	addons.manager	DEBUG	Starting provider: PluginProvider
1479420721776	addons.manager	DEBUG	Registering shutdown blocker for PluginProvider
1479420721776	addons.manager	DEBUG	Provider finished startup: PluginProvider
1479420721776	addons.manager	DEBUG	Completed startup sequence
1479420722071	addons.manager	DEBUG	Starting provider: &lt;unnamed-provider&gt;
1479420722071	addons.manager	DEBUG	Registering shutdown blocker for &lt;unnamed-provider&gt;
1479420722071	addons.manager	DEBUG	Provider finished startup: &lt;unnamed-provider&gt;
1479420722072	DeferredSave.extensions.json	DEBUG	Starting write
1479420722158	addons.repository	DEBUG	No addons.json found.
1479420722158	DeferredSave.addons.json	DEBUG	Save changes
1479420722161	DeferredSave.addons.json	DEBUG	Starting timer
1479420722206	addons.manager	DEBUG	Starting provider: PreviousExperimentProvider
1479420722207	addons.manager	DEBUG	Registering shutdown blocker for PreviousExperimentProvider
1479420722207	addons.manager	DEBUG	Provider finished startup: PreviousExperimentProvider
1479420722219	DeferredSave.extensions.json	DEBUG	Write succeeded
1479420722219	addons.xpi-utils	DEBUG	XPI Database saved, setting schema version preference to 17
1479420722221	DeferredSave.addons.json	DEBUG	Starting write
1479420722240	DeferredSave.addons.json	DEBUG	Write succeeded

	at org.openqa.selenium.firefox.internal.NewProfileExtensionConnection.start(NewProfileExtensionConnection.java:112)
	... 33 more
</div></td></tr></table><p class="totop"><a href="#summary">back to summary</a></p><h3 id="m1">login.EmailTest#afterMethod</h3><table class="result"></table><p class="totop"><a href="#summary">back to summary</a></p><h3 id="m2">login.EmailTest#main</h3><table class="result"></table><p class="totop"><a href="#summary">back to summary</a></p></body></html>